2024-06-25 14:21:55.0968379 +0300 MSK m=+166.766431201: Chat has been created
2024-06-25 14:22:04 +0300 MSK from 210424995 to 7392281001: *chat Привет
2024-06-25 15:02:51.7467145 +0300 MSK m=+1926.843659401: Chat has been created
2024-06-25 15:03:28 +0300 MSK from 210424995 to 7392281001: *chat Привет
2024-06-25 15:06:55.9044441 +0300 MSK m=+81.992060301: Chat has been created
2024-06-25 15:06:59 +0300 MSK from 210424995 to 7392281001: *chat Привет
2024-06-25 16:27:41 +0300 MSK from 210424995 to 7392281001: *chat Привет
2024-06-25 16:37:12.7981222 +0300 MSK m=+5498.885738401: Chat has been created
2024-06-25 16:37:39 +0300 MSK from 210424995 to 7392281001: *chat Привет
2024-06-25 16:47:22.9476166 +0300 MSK m=+6109.035232801: Chat has been created
2024-06-25 16:47:44 +0300 MSK from 210424995 to 7392281001: *chat hello
2024-06-25 16:55:54.686571 +0300 MSK m=+6620.774187201: Chat has been created
2024-06-25 16:56:22 +0300 MSK from 210424995 to 7392281001: *chat hello
2024-06-25 17:02:56.9994052 +0300 MSK m=+7043.087021401: Chat has been created
2024-06-25 17:03:19 +0300 MSK from 210424995 to 7392281001: *chat hello
2024-06-25 17:12:21.3570398 +0300 MSK m=+7607.444656001: Chat has been created
2024-06-25 17:12:40 +0300 MSK from 210424995 to 7392281001: *chat hello
2024-06-25 17:20:56.2450644 +0300 MSK m=+8122.332680601: Chat has been created
2024-06-25 17:21:19 +0300 MSK from 210424995 to 7392281001: *chat hello
2024-06-25 17:45:11 +0300 MSK from 210424995 to 7392281001: *chat рууддщ
2024-06-25 17:55:44.6812201 +0300 MSK m=+10210.768836301: Chat has been created
2024-06-25 18:04:48.0525622 +0300 MSK m=+10754.140178401: Chat has been created
2024-06-25 18:05:01 +0300 MSK from 210424995 to 7392281001: *chat привет
2024-06-25 18:06:27.3318351 +0300 MSK m=+10853.419451301: Chat has been created
2024-06-25 18:06:38 +0300 MSK from 210424995 to 7392281001: *chat привет ситтер
2024-06-25 18:28:52.4695772 +0300 MSK m=+12198.557193401: Chat has been created
2024-06-25 18:29:11 +0300 MSK from 210424995 to 7392281001: *chat привет
